Using pre-set license
Built from '2022.3/release' branch; Version is '2022.3.20f1 (61c2feb0970d) revision 6406910'; Using compiler version '192829333'; Build Type 'Release'
OS: 'Windows 11  (10.0.22631) 64bit CoreSingleLanguage' Language: 'en' Physical Memory: 16085 MB
BatchMode: 1, IsHumanControllingUs: 0, StartBugReporterOnCrash: 0, Is64bit: 1, IsPro: 1

COMMAND LINE ARGUMENTS:
C:\Program Files\Unity\Hub\Editor\2022.3.20f1\Editor\Unity.exe
-adb2
-batchMode
-noUpm
-name
AssetImportWorker0
-projectPath
C:/Users/k1111/OneDrive/Documents/unity/GadeAssignmet2024/GADE7322POE
-logFile
Logs/AssetImportWorker0.log
-srvPort
58578
Successfully changed project path to: C:/Users/k1111/OneDrive/Documents/unity/GadeAssignmet2024/GADE7322POE
C:/Users/k1111/OneDrive/Documents/unity/GadeAssignmet2024/GADE7322POE
[UnityMemory] Configuration Parameters - Can be set up in boot.config
    "memorysetup-bucket-allocator-granularity=16"
    "memorysetup-bucket-allocator-bucket-count=8"
    "memorysetup-bucket-allocator-block-size=33554432"
    "memorysetup-bucket-allocator-block-count=8"
    "memorysetup-main-allocator-block-size=16777216"
    "memorysetup-thread-allocator-block-size=16777216"
    "memorysetup-gfx-main-allocator-block-size=16777216"
    "memorysetup-gfx-thread-allocator-block-size=16777216"
    "memorysetup-cache-allocator-block-size=4194304"
    "memorysetup-typetree-allocator-block-size=2097152"
    "memorysetup-profiler-bucket-allocator-granularity=16"
    "memorysetup-profiler-bucket-allocator-bucket-count=8"
    "memorysetup-profiler-bucket-allocator-block-size=33554432"
    "memorysetup-profiler-bucket-allocator-block-count=8"
    "memorysetup-profiler-allocator-block-size=16777216"
    "memorysetup-profiler-editor-allocator-block-size=1048576"
    "memorysetup-temp-allocator-size-main=16777216"
    "memorysetup-job-temp-allocator-block-size=2097152"
    "memorysetup-job-temp-allocator-block-size-background=1048576"
    "memorysetup-job-temp-allocator-reduction-small-platforms=262144"
    "memorysetup-allocator-temp-initial-block-size-main=262144"
    "memorysetup-allocator-temp-initial-block-size-worker=262144"
    "memorysetup-temp-allocator-size-background-worker=32768"
    "memorysetup-temp-allocator-size-job-worker=262144"
    "memorysetup-temp-allocator-size-preload-manager=33554432"
    "memorysetup-temp-allocator-size-nav-mesh-worker=65536"
    "memorysetup-temp-allocator-size-audio-worker=65536"
    "memorysetup-temp-allocator-size-cloud-worker=32768"
    "memorysetup-temp-allocator-size-gi-baking-worker=262144"
    "memorysetup-temp-allocator-size-gfx=262144"
Player connection [35312] Host "[IP] 172.16.10.48 [Port] 0 [Flags] 2 [Guid] 2006755442 [EditorId] 2006755442 [Version] 1048832 [Id] WindowsEditor(7,MSI) [Debug] 1 [PackageName] WindowsEditor [ProjectName] Editor" joined multi-casting on [225.0.0.222:54997]...

Player connection [35312] Host "[IP] 172.16.10.48 [Port] 0 [Flags] 2 [Guid] 2006755442 [EditorId] 2006755442 [Version] 1048832 [Id] WindowsEditor(7,MSI) [Debug] 1 [PackageName] WindowsEditor [ProjectName] Editor" joined alternative multi-casting on [225.0.0.222:34997]...

[Physics::Module] Initialized MultithreadedJobDispatcher with 15 workers.
Refreshing native plugins compatible for Editor in 19.87 ms, found 4 plugins.
Preloading 0 native plugins for Editor in 0.00 ms.
Initialize engine version: 2022.3.20f1 (61c2feb0970d)
[Subsystems] Discovering subsystems at path C:/Program Files/Unity/Hub/Editor/2022.3.20f1/Editor/Data/Resources/UnitySubsystems
[Subsystems] Discovering subsystems at path C:/Users/k1111/OneDrive/Documents/unity/GadeAssignmet2024/GADE7322POE/Assets
GfxDevice: creating device client; threaded=0; jobified=0
Direct3D:
    Version:  Direct3D 11.0 [level 11.1]
    Renderer: NVIDIA GeForce RTX 3050 Ti Laptop GPU (ID=0x25a0)
    Vendor:   NVIDIA
    VRAM:     3962 MB
    Driver:   32.0.15.5612
Initialize mono
Mono path[0] = 'C:/Program Files/Unity/Hub/Editor/2022.3.20f1/Editor/Data/Managed'
Mono path[1] = 'C:/Program Files/Unity/Hub/Editor/2022.3.20f1/Editor/Data/MonoBleedingEdge/lib/mono/unityjit-win32'
Mono config path = 'C:/Program Files/Unity/Hub/Editor/2022.3.20f1/Editor/Data/MonoBleedingEdge/etc'
Using monoOptions --debugger-agent=transport=dt_socket,embedding=1,server=y,suspend=n,address=127.0.0.1:56524
Begin MonoManager ReloadAssembly
Registering precompiled unity dll's ...
Register platform support module: C:/Program Files/Unity/Hub/Editor/2022.3.20f1/Editor/Data/PlaybackEngines/WindowsStandaloneSupport/UnityEditor.WindowsStandalone.Extensions.dll
Registered in 0.005987 seconds.
- Loaded All Assemblies, in  0.355 seconds
Native extension for WindowsStandalone target not found
Mono: successfully reloaded assembly
- Finished resetting the current domain, in  0.266 seconds
Domain Reload Profiling: 619ms
	BeginReloadAssembly (108ms)
		ExecutionOrderSort (0ms)
		DisableScriptedObjects (0ms)
		BackupInstance (0ms)
		ReleaseScriptingObjects (0ms)
		CreateAndSetChildDomain (1ms)
	RebuildCommonClasses (33ms)
	RebuildNativeTypeToScriptingClass (11ms)
	initialDomainReloadingComplete (59ms)
	LoadAllAssembliesAndSetupDomain (142ms)
		LoadAssemblies (106ms)
		RebuildTransferFunctionScriptingTraits (0ms)
		AnalyzeDomain (140ms)
			TypeCache.Refresh (138ms)
				TypeCache.ScanAssembly (125ms)
			ScanForSourceGeneratedMonoScriptInfo (1ms)
			ResolveRequiredComponents (1ms)
	FinalizeReload (266ms)
		ReleaseScriptCaches (0ms)
		RebuildScriptCaches (0ms)
		SetupLoadedEditorAssemblies (211ms)
			LogAssemblyErrors (0ms)
			InitializePlatformSupportModulesInManaged (9ms)
			SetLoadedEditorAssemblies (6ms)
			RefreshPlugins (0ms)
			BeforeProcessingInitializeOnLoad (2ms)
			ProcessInitializeOnLoadAttributes (148ms)
			ProcessInitializeOnLoadMethodAttributes (46ms)
			AfterProcessingInitializeOnLoad (0ms)
			EditorAssembliesLoaded (0ms)
		ExecutionOrderSort2 (0ms)
		AwakeInstancesAfterBackupRestoration (0ms)
========================================================================
Worker process is ready to serve import requests
Begin MonoManager ReloadAssembly
Symbol file LoadedFromMemory is not a mono symbol file
- Loaded All Assemblies, in  0.972 seconds
Refreshing native plugins compatible for Editor in 11.79 ms, found 4 plugins.
Native extension for WindowsStandalone target not found
[MODES] ModeService[none].Initialize
[MODES] ModeService[none].LoadModes
[MODES] Loading mode Default (0) for mode-current-id-GADE7322POE
Package Manager log level set to [2]
[Package Manager] Server::EnsureServerProcessIsRunning -- launch failed, reason: Unity was launched with the -noUpm command-line argument
[Package Manager] UpmClient::Send -- Unable to send message (not connected to UPM process).
[Package Manager] Cannot connect to Unity Package Manager local server
Mono: successfully reloaded assembly
- Finished resetting the current domain, in  0.848 seconds
Domain Reload Profiling: 1816ms
	BeginReloadAssembly (161ms)
		ExecutionOrderSort (0ms)
		DisableScriptedObjects (5ms)
		BackupInstance (0ms)
		ReleaseScriptingObjects (0ms)
		CreateAndSetChildDomain (22ms)
	RebuildCommonClasses (31ms)
	RebuildNativeTypeToScriptingClass (11ms)
	initialDomainReloadingComplete (48ms)
	LoadAllAssembliesAndSetupDomain (716ms)
		LoadAssemblies (543ms)
		RebuildTransferFunctionScriptingTraits (0ms)
		AnalyzeDomain (260ms)
			TypeCache.Refresh (221ms)
				TypeCache.ScanAssembly (197ms)
			ScanForSourceGeneratedMonoScriptInfo (32ms)
			ResolveRequiredComponents (7ms)
	FinalizeReload (849ms)
		ReleaseScriptCaches (0ms)
		RebuildScriptCaches (0ms)
		SetupLoadedEditorAssemblies (675ms)
			LogAssemblyErrors (0ms)
			InitializePlatformSupportModulesInManaged (5ms)
			SetLoadedEditorAssemblies (5ms)
			RefreshPlugins (0ms)
			BeforeProcessingInitializeOnLoad (84ms)
			ProcessInitializeOnLoadAttributes (421ms)
			ProcessInitializeOnLoadMethodAttributes (152ms)
			AfterProcessingInitializeOnLoad (7ms)
			EditorAssembliesLoaded (0ms)
		ExecutionOrderSort2 (0ms)
		AwakeInstancesAfterBackupRestoration (7ms)
Launched and connected shader compiler UnityShaderCompiler.exe after 0.06 seconds
Refreshing native plugins compatible for Editor in 13.75 ms, found 4 plugins.
Preloading 0 native plugins for Editor in 0.00 ms.
Unloading 5157 Unused Serialized files (Serialized files now loaded: 0)
Unloading 103 unused Assets / (151.6 KB). Loaded Objects now: 5611.
Memory consumption went from 256.1 MB to 256.0 MB.
Total: 7.322900 ms (FindLiveObjects: 0.366200 ms CreateObjectMapping: 0.209700 ms MarkObjects: 6.510800 ms  DeleteObjects: 0.234500 ms)

AssetImportParameters requested are different than current active one (requested -> active):
  custom:container-demuxer-ogg: 62fdf1f143b41e24485cea50d1cbac27 -> 
  custom:video-decoder-ogg-theora: a1e56fd34408186e4bbccfd4996cb3dc -> 
  custom:framework-win-MediaFoundation: 216162199b28c13a410421893ffa2e32 -> 
  custom:CustomObjectIndexerAttribute: 6d391050e5a25f67b0a2c618074f2cd9 -> 
  custom:container-demuxer-webm: 4f35f7cbe854078d1ac9338744f61a02 -> 
  custom:container-muxer-webm: aa71ff27fc2769a1b78a27578f13a17b -> 
  custom:video-decoder-webm-vp8: 9c59270c3fd7afecdb556c50c9e8de78 -> 
  custom:SearchIndexIgnoredProperties: e643bd26f0fe6173181afceb89e7c659 -> 
  custom:AudioImporter_EditorPlatform: d09bf68614088b80899f8185d706f6e7 -> 
  custom:video-encoder-webm-vp8: eb34c28f22e8b96e1ab97ce403110664 -> 
  custom:audio-decoder-ogg-vorbis: bf7c407c2cedff20999df2af8eb42d56 -> 
  custom:audio-encoder-webm-vorbis: bf7c407c2cedff20999df2af8eb42d56 -> 
========================================================================
Received Import Request.
  Time since last request: 44960.511747 seconds.
  path: Assets/Prefab/NexusTowerShooting.prefab
  artifactKey: Guid(e0f9ee4824ec4ce4186c39c93273527a) Importer(815301076,1909f56bfc062723c751e8b465ee728b)
Start importing Assets/Prefab/NexusTowerShooting.prefab using Guid(e0f9ee4824ec4ce4186c39c93273527a) Importer(815301076,1909f56bfc062723c751e8b465ee728b)  -> (artifact id: '8bf2af851c7ca7ac61c0ee69a67a104d') in 0.105968 seconds
Number of updated asset objects reloaded before import = 0
Number of asset objects unloaded after import = 53
========================================================================
Received Import Request.
  Time since last request: 24.009134 seconds.
  path: Assets/Prefab/NewPrefabs/NexusTower.prefab
  artifactKey: Guid(5abcbaa4c20adb04895a997e3d70772d) Importer(815301076,1909f56bfc062723c751e8b465ee728b)
Start importing Assets/Prefab/NewPrefabs/NexusTower.prefab using Guid(5abcbaa4c20adb04895a997e3d70772d) Importer(815301076,1909f56bfc062723c751e8b465ee728b)  -> (artifact id: '3f5e189cf994fa26b417d3643fd3fa42') in 0.026858 seconds
Number of updated asset objects reloaded before import = 0
Number of asset objects unloaded after import = 88
========================================================================
Received Import Request.
  Time since last request: 145.249858 seconds.
  path: Assets/Prefab/NewPrefabs/NexusTower.prefab
  artifactKey: Guid(5abcbaa4c20adb04895a997e3d70772d) Importer(815301076,1909f56bfc062723c751e8b465ee728b)
Start importing Assets/Prefab/NewPrefabs/NexusTower.prefab using Guid(5abcbaa4c20adb04895a997e3d70772d) Importer(815301076,1909f56bfc062723c751e8b465ee728b)  -> (artifact id: '43e86fe3293c868516626bdaca67bb17') in 0.027041 seconds
Number of updated asset objects reloaded before import = 0
Number of asset objects unloaded after import = 88
========================================================================
Received Import Request.
  Time since last request: 10.587188 seconds.
  path: Assets/Prefab/NewPrefabs/NexusTower.prefab
  artifactKey: Guid(5abcbaa4c20adb04895a997e3d70772d) Importer(815301076,1909f56bfc062723c751e8b465ee728b)
Start importing Assets/Prefab/NewPrefabs/NexusTower.prefab using Guid(5abcbaa4c20adb04895a997e3d70772d) Importer(815301076,1909f56bfc062723c751e8b465ee728b)  -> (artifact id: '013901f8ff0f836668d1569731cb4bfd') in 0.016163 seconds
Number of updated asset objects reloaded before import = 0
Number of asset objects unloaded after import = 88
========================================================================
Received Import Request.
  Time since last request: 16.489413 seconds.
  path: Assets/Prefab/NewPrefabs/NexusTower.prefab
  artifactKey: Guid(5abcbaa4c20adb04895a997e3d70772d) Importer(815301076,1909f56bfc062723c751e8b465ee728b)
Start importing Assets/Prefab/NewPrefabs/NexusTower.prefab using Guid(5abcbaa4c20adb04895a997e3d70772d) Importer(815301076,1909f56bfc062723c751e8b465ee728b)  -> (artifact id: 'a62eb9f6f55125545d5355e43eb093c8') in 0.011045 seconds
Number of updated asset objects reloaded before import = 0
Number of asset objects unloaded after import = 88
========================================================================
Received Import Request.
  Time since last request: 7.044789 seconds.
  path: Assets/Prefab/NewPrefabs/NexusTower.prefab
  artifactKey: Guid(5abcbaa4c20adb04895a997e3d70772d) Importer(815301076,1909f56bfc062723c751e8b465ee728b)
Start importing Assets/Prefab/NewPrefabs/NexusTower.prefab using Guid(5abcbaa4c20adb04895a997e3d70772d) Importer(815301076,1909f56bfc062723c751e8b465ee728b)  -> (artifact id: '3292663e0bba5aaee1079bc93ca2e2be') in 0.015150 seconds
Number of updated asset objects reloaded before import = 0
Number of asset objects unloaded after import = 88
========================================================================
Received Import Request.
  Time since last request: 28.797057 seconds.
  path: Assets/Prefab/NewPrefabs/NexusTower.prefab
  artifactKey: Guid(5abcbaa4c20adb04895a997e3d70772d) Importer(815301076,1909f56bfc062723c751e8b465ee728b)
Start importing Assets/Prefab/NewPrefabs/NexusTower.prefab using Guid(5abcbaa4c20adb04895a997e3d70772d) Importer(815301076,1909f56bfc062723c751e8b465ee728b)  -> (artifact id: '365491a7a52a7dea0d285d80721691d6') in 0.011268 seconds
Number of updated asset objects reloaded before import = 0
Number of asset objects unloaded after import = 88
========================================================================
Received Import Request.
  Time since last request: 1.194817 seconds.
  path: Assets/Prefab/NewPrefabs/NexusTower.prefab
  artifactKey: Guid(5abcbaa4c20adb04895a997e3d70772d) Importer(815301076,1909f56bfc062723c751e8b465ee728b)
Start importing Assets/Prefab/NewPrefabs/NexusTower.prefab using Guid(5abcbaa4c20adb04895a997e3d70772d) Importer(815301076,1909f56bfc062723c751e8b465ee728b)  -> (artifact id: 'f0f53e56636c9edf618c77225a67feef') in 0.010892 seconds
Number of updated asset objects reloaded before import = 0
Number of asset objects unloaded after import = 88
========================================================================
Received Import Request.
  Time since last request: 0.888650 seconds.
  path: Assets/Prefab/NewPrefabs/NexusTower.prefab
  artifactKey: Guid(5abcbaa4c20adb04895a997e3d70772d) Importer(815301076,1909f56bfc062723c751e8b465ee728b)
Start importing Assets/Prefab/NewPrefabs/NexusTower.prefab using Guid(5abcbaa4c20adb04895a997e3d70772d) Importer(815301076,1909f56bfc062723c751e8b465ee728b)  -> (artifact id: 'aa44c92e9c2fa93e2df41fcc25150a4d') in 0.009446 seconds
Number of updated asset objects reloaded before import = 0
Number of asset objects unloaded after import = 88
========================================================================
Received Import Request.
  Time since last request: 7.134912 seconds.
  path: Assets/Prefab/NewPrefabs/NexusTower.prefab
  artifactKey: Guid(5abcbaa4c20adb04895a997e3d70772d) Importer(815301076,1909f56bfc062723c751e8b465ee728b)
Start importing Assets/Prefab/NewPrefabs/NexusTower.prefab using Guid(5abcbaa4c20adb04895a997e3d70772d) Importer(815301076,1909f56bfc062723c751e8b465ee728b)  -> (artifact id: 'fe3138c0e94a9f09dc7f5b1c3447676f') in 0.014743 seconds
Number of updated asset objects reloaded before import = 0
Number of asset objects unloaded after import = 88
========================================================================
Received Import Request.
  Time since last request: 8.456282 seconds.
  path: Assets/Prefab/NewPrefabs/NexusTower.prefab
  artifactKey: Guid(5abcbaa4c20adb04895a997e3d70772d) Importer(815301076,1909f56bfc062723c751e8b465ee728b)
Start importing Assets/Prefab/NewPrefabs/NexusTower.prefab using Guid(5abcbaa4c20adb04895a997e3d70772d) Importer(815301076,1909f56bfc062723c751e8b465ee728b)  -> (artifact id: '9f33fbd8b5a885e69bf3dd817a044bda') in 0.012560 seconds
Number of updated asset objects reloaded before import = 0
Number of asset objects unloaded after import = 88
========================================================================
Received Import Request.
  Time since last request: 19.187532 seconds.
  path: Assets/Prefab/NewPrefabs/NexusTower.prefab
  artifactKey: Guid(5abcbaa4c20adb04895a997e3d70772d) Importer(815301076,1909f56bfc062723c751e8b465ee728b)
Start importing Assets/Prefab/NewPrefabs/NexusTower.prefab using Guid(5abcbaa4c20adb04895a997e3d70772d) Importer(815301076,1909f56bfc062723c751e8b465ee728b)  -> (artifact id: 'd21a1a76188c2fa85f70de3eafefa9e6') in 0.010655 seconds
Number of updated asset objects reloaded before import = 0
Number of asset objects unloaded after import = 88
========================================================================
Received Import Request.
  Time since last request: 33.365272 seconds.
  path: Assets/Prefab/NewPrefabs/NexusTower.prefab
  artifactKey: Guid(5abcbaa4c20adb04895a997e3d70772d) Importer(815301076,1909f56bfc062723c751e8b465ee728b)
Start importing Assets/Prefab/NewPrefabs/NexusTower.prefab using Guid(5abcbaa4c20adb04895a997e3d70772d) Importer(815301076,1909f56bfc062723c751e8b465ee728b)  -> (artifact id: 'b83e44f48314510f970a8cf86cf89a69') in 0.014528 seconds
Number of updated asset objects reloaded before import = 0
Number of asset objects unloaded after import = 88
========================================================================
Received Import Request.
  Time since last request: 9.018681 seconds.
  path: Assets/Prefab/NewPrefabs/NexusTower.prefab
  artifactKey: Guid(5abcbaa4c20adb04895a997e3d70772d) Importer(815301076,1909f56bfc062723c751e8b465ee728b)
Start importing Assets/Prefab/NewPrefabs/NexusTower.prefab using Guid(5abcbaa4c20adb04895a997e3d70772d) Importer(815301076,1909f56bfc062723c751e8b465ee728b)  -> (artifact id: '53fd42783784c7e677b255e6475051d7') in 0.014002 seconds
Number of updated asset objects reloaded before import = 0
Number of asset objects unloaded after import = 88
========================================================================
Received Import Request.
  Time since last request: 0.793892 seconds.
  path: Assets/Prefab/NewPrefabs/NexusTower.prefab
  artifactKey: Guid(5abcbaa4c20adb04895a997e3d70772d) Importer(815301076,1909f56bfc062723c751e8b465ee728b)
Start importing Assets/Prefab/NewPrefabs/NexusTower.prefab using Guid(5abcbaa4c20adb04895a997e3d70772d) Importer(815301076,1909f56bfc062723c751e8b465ee728b)  -> (artifact id: 'eaf7c4e7108be30969dd123c0b6e0dcb') in 0.017295 seconds
Number of updated asset objects reloaded before import = 0
Number of asset objects unloaded after import = 88
========================================================================
Received Import Request.
  Time since last request: 9.861992 seconds.
  path: Assets/Prefab/NewPrefabs/NexusTower.prefab
  artifactKey: Guid(5abcbaa4c20adb04895a997e3d70772d) Importer(815301076,1909f56bfc062723c751e8b465ee728b)
Start importing Assets/Prefab/NewPrefabs/NexusTower.prefab using Guid(5abcbaa4c20adb04895a997e3d70772d) Importer(815301076,1909f56bfc062723c751e8b465ee728b)  -> (artifact id: '60283cfec3f592fe7b19962a39c63d9d') in 0.012535 seconds
Number of updated asset objects reloaded before import = 0
Number of asset objects unloaded after import = 88
========================================================================
Received Import Request.
  Time since last request: 13.392363 seconds.
  path: Assets/Prefab/NewPrefabs/NexusTower.prefab
  artifactKey: Guid(5abcbaa4c20adb04895a997e3d70772d) Importer(815301076,1909f56bfc062723c751e8b465ee728b)
Start importing Assets/Prefab/NewPrefabs/NexusTower.prefab using Guid(5abcbaa4c20adb04895a997e3d70772d) Importer(815301076,1909f56bfc062723c751e8b465ee728b)  -> (artifact id: '8a67dfa6ccf850b9867427621ceff994') in 0.011719 seconds
Number of updated asset objects reloaded before import = 0
Number of asset objects unloaded after import = 88
========================================================================
Received Import Request.
  Time since last request: 27.496265 seconds.
  path: Assets/Prefab/NewPrefabs/NexusTower.prefab
  artifactKey: Guid(5abcbaa4c20adb04895a997e3d70772d) Importer(815301076,1909f56bfc062723c751e8b465ee728b)
Start importing Assets/Prefab/NewPrefabs/NexusTower.prefab using Guid(5abcbaa4c20adb04895a997e3d70772d) Importer(815301076,1909f56bfc062723c751e8b465ee728b)  -> (artifact id: '617a238433d1e2d6501c37b9686a45f5') in 0.014074 seconds
Number of updated asset objects reloaded before import = 0
Number of asset objects unloaded after import = 88
========================================================================
Received Import Request.
  Time since last request: 10.922310 seconds.
  path: Assets/Prefab/NewPrefabs/NexusTower.prefab
  artifactKey: Guid(5abcbaa4c20adb04895a997e3d70772d) Importer(815301076,1909f56bfc062723c751e8b465ee728b)
Start importing Assets/Prefab/NewPrefabs/NexusTower.prefab using Guid(5abcbaa4c20adb04895a997e3d70772d) Importer(815301076,1909f56bfc062723c751e8b465ee728b)  -> (artifact id: '07cd72469427758280b896a64c1d4b4b') in 0.012510 seconds
Number of updated asset objects reloaded before import = 0
Number of asset objects unloaded after import = 88
========================================================================
Received Import Request.
  Time since last request: 16.101135 seconds.
  path: Assets/Prefab/NewPrefabs/NexusTower.prefab
  artifactKey: Guid(5abcbaa4c20adb04895a997e3d70772d) Importer(815301076,1909f56bfc062723c751e8b465ee728b)
Start importing Assets/Prefab/NewPrefabs/NexusTower.prefab using Guid(5abcbaa4c20adb04895a997e3d70772d) Importer(815301076,1909f56bfc062723c751e8b465ee728b)  -> (artifact id: 'c8fc898c3c8ddd8c1c569baa1cbfa18b') in 0.011575 seconds
Number of updated asset objects reloaded before import = 0
Number of asset objects unloaded after import = 88
========================================================================
Received Import Request.
  Time since last request: 3.045744 seconds.
  path: Assets/Prefab/NewPrefabs/NexusTower.prefab
  artifactKey: Guid(5abcbaa4c20adb04895a997e3d70772d) Importer(815301076,1909f56bfc062723c751e8b465ee728b)
Start importing Assets/Prefab/NewPrefabs/NexusTower.prefab using Guid(5abcbaa4c20adb04895a997e3d70772d) Importer(815301076,1909f56bfc062723c751e8b465ee728b)  -> (artifact id: 'cc317d7bcf6e46deb0abd42e1675c783') in 0.013253 seconds
Number of updated asset objects reloaded before import = 0
Number of asset objects unloaded after import = 88
========================================================================
Received Import Request.
  Time since last request: 53.430810 seconds.
  path: Assets/FattyPolyTurretFree/Materials/Bg_Floor.mat
  artifactKey: Guid(3c543debfee9da643986f58e0a938760) Importer(815301076,1909f56bfc062723c751e8b465ee728b)
Start importing Assets/FattyPolyTurretFree/Materials/Bg_Floor.mat using Guid(3c543debfee9da643986f58e0a938760) Importer(815301076,1909f56bfc062723c751e8b465ee728b)  -> (artifact id: 'bfeaf717d9794f2effed87de76d4862c') in 0.061999 seconds
Number of updated asset objects reloaded before import = 0
Number of asset objects unloaded after import = 1
========================================================================
Received Import Request.
  Time since last request: 0.000062 seconds.
  path: Assets/SciFiProps/Material/Com2Mat.mat
  artifactKey: Guid(3b0ede43f227f2c418728e12fd6a3d16) Importer(815301076,1909f56bfc062723c751e8b465ee728b)
Start importing Assets/SciFiProps/Material/Com2Mat.mat using Guid(3b0ede43f227f2c418728e12fd6a3d16) Importer(815301076,1909f56bfc062723c751e8b465ee728b)  -> (artifact id: 'dae0cf06cadcc68a3027c7ebd3b3e285') in 0.117635 seconds
Number of updated asset objects reloaded before import = 0
Number of asset objects unloaded after import = 6
========================================================================
Received Import Request.
  Time since last request: 0.000032 seconds.
  path: Assets/Prefab/Materials/Bullet.mat
  artifactKey: Guid(f77f0a119fb7dea43ba3d531d9f791a0) Importer(815301076,1909f56bfc062723c751e8b465ee728b)
Start importing Assets/Prefab/Materials/Bullet.mat using Guid(f77f0a119fb7dea43ba3d531d9f791a0) Importer(815301076,1909f56bfc062723c751e8b465ee728b)  -> (artifact id: 'dab3d8698dc956f3286985a43d732311') in 0.021602 seconds
Number of updated asset objects reloaded before import = 0
Number of asset objects unloaded after import = 1
========================================================================
Received Import Request.
  Time since last request: 0.000030 seconds.
  path: Assets/Prefab/Materials/bulletImpact.mat
  artifactKey: Guid(142693a39769f2245b840c7d95692e51) Importer(815301076,1909f56bfc062723c751e8b465ee728b)
Start importing Assets/Prefab/Materials/bulletImpact.mat using Guid(142693a39769f2245b840c7d95692e51) Importer(815301076,1909f56bfc062723c751e8b465ee728b)  -> (artifact id: '66105c37991444f736d8916284fa90cc') in 0.014655 seconds
Number of updated asset objects reloaded before import = 0
Number of asset objects unloaded after import = 1
========================================================================
Received Import Request.
  Time since last request: 0.000033 seconds.
  path: Assets/FattyPolyTurretFree/Materials/Eff/Eff_Box.mat
  artifactKey: Guid(75196c5820ca68448bb68979e9610924) Importer(815301076,1909f56bfc062723c751e8b465ee728b)
Start importing Assets/FattyPolyTurretFree/Materials/Eff/Eff_Box.mat using Guid(75196c5820ca68448bb68979e9610924) Importer(815301076,1909f56bfc062723c751e8b465ee728b)  -> (artifact id: '9112cb7e91d4d988e938a6331e9da8c4') in 0.012709 seconds
Number of updated asset objects reloaded before import = 0
Number of asset objects unloaded after import = 1
========================================================================
Received Import Request.
  Time since last request: 0.000020 seconds.
  path: Assets/SciFiProps/Material/Com1Mat.mat
  artifactKey: Guid(9ba380b257fdca84eba091b776c94262) Importer(815301076,1909f56bfc062723c751e8b465ee728b)
Start importing Assets/SciFiProps/Material/Com1Mat.mat using Guid(9ba380b257fdca84eba091b776c94262) Importer(815301076,1909f56bfc062723c751e8b465ee728b)  -> (artifact id: '120d06f385046bae7d4c5c5630fa1a29') in 0.092860 seconds
Number of updated asset objects reloaded before import = 0
Number of asset objects unloaded after import = 6
========================================================================
Received Import Request.
  Time since last request: 5.646643 seconds.
  path: Assets/Prefab/Materials/Flames.mat
  artifactKey: Guid(28831c589b114ea4c9441cacbd22fa1e) Importer(815301076,1909f56bfc062723c751e8b465ee728b)
Start importing Assets/Prefab/Materials/Flames.mat using Guid(28831c589b114ea4c9441cacbd22fa1e) Importer(815301076,1909f56bfc062723c751e8b465ee728b)  -> (artifact id: '2312c227506841e31b3da9673d149750') in 0.020475 seconds
Number of updated asset objects reloaded before import = 0
Number of asset objects unloaded after import = 1
========================================================================
Received Import Request.
  Time since last request: 0.000026 seconds.
  path: Assets/TextMesh Pro/Fonts/LiberationSans.ttf
  artifactKey: Guid(e3265ab4bf004d28a9537516768c1c75) Importer(815301076,1909f56bfc062723c751e8b465ee728b)
Start importing Assets/TextMesh Pro/Fonts/LiberationSans.ttf using Guid(e3265ab4bf004d28a9537516768c1c75) Importer(815301076,1909f56bfc062723c751e8b465ee728b)  -> (artifact id: '8756f7c291147a75e95d0f4a0d9e7e56') in 0.048542 seconds
Number of updated asset objects reloaded before import = 0
Number of asset objects unloaded after import = 4
========================================================================
Received Import Request.
  Time since last request: 0.233601 seconds.
  path: Assets/TextMesh Pro/Resources/Fonts & Materials/LiberationSans SDF - Drop Shadow.mat
  artifactKey: Guid(e73a58f6e2794ae7b1b7e50b7fb811b0) Importer(815301076,1909f56bfc062723c751e8b465ee728b)
Start importing Assets/TextMesh Pro/Resources/Fonts & Materials/LiberationSans SDF - Drop Shadow.mat using Guid(e73a58f6e2794ae7b1b7e50b7fb811b0) Importer(815301076,1909f56bfc062723c751e8b465ee728b)  -> (artifact id: 'bb131fc89cef7bb7c239fde4c0494087') in 0.139263 seconds
Number of updated asset objects reloaded before import = 0
Number of asset objects unloaded after import = 2
========================================================================
Received Import Request.
  Time since last request: 0.000031 seconds.
  path: Assets/Prefab/Materials/Shaders/Unlit_Hologram 2.mat
  artifactKey: Guid(4c7d0a8042b3edd4fa79fab45652c72c) Importer(815301076,1909f56bfc062723c751e8b465ee728b)
Start importing Assets/Prefab/Materials/Shaders/Unlit_Hologram 2.mat using Guid(4c7d0a8042b3edd4fa79fab45652c72c) Importer(815301076,1909f56bfc062723c751e8b465ee728b)  -> (artifact id: '521e1f9515f48d7f762dd2d577afd548') in 0.035364 seconds
Number of updated asset objects reloaded before import = 0
Number of asset objects unloaded after import = 4
========================================================================
Received Import Request.
  Time since last request: 0.000052 seconds.
  path: Assets/Prefab/Materials/Shaders/Unlit_Hologram 1.mat
  artifactKey: Guid(08d475422ebd726448d1f430f97ddbec) Importer(815301076,1909f56bfc062723c751e8b465ee728b)
Start importing Assets/Prefab/Materials/Shaders/Unlit_Hologram 1.mat using Guid(08d475422ebd726448d1f430f97ddbec) Importer(815301076,1909f56bfc062723c751e8b465ee728b)  -> (artifact id: '20e0251408979e974c75ca8c0fa254f1') in 0.036478 seconds
Number of updated asset objects reloaded before import = 0
Number of asset objects unloaded after import = 2
========================================================================
Received Import Request.
  Time since last request: 19.346633 seconds.
  path: Assets/_Project/SupernovaAssets/InvaderWalker/Materials/T_Enemy_Walker_Albedo.mat
  artifactKey: Guid(1ad9e0661ba3326449278e436e01a7da) Importer(815301076,1909f56bfc062723c751e8b465ee728b)
Start importing Assets/_Project/SupernovaAssets/InvaderWalker/Materials/T_Enemy_Walker_Albedo.mat using Guid(1ad9e0661ba3326449278e436e01a7da) Importer(815301076,1909f56bfc062723c751e8b465ee728b)  -> (artifact id: '8265d0f6c00b598acf3335377f98467e') in 0.025550 seconds
Number of updated asset objects reloaded before import = 0
Number of asset objects unloaded after import = 2
========================================================================
Received Import Request.
  Time since last request: 7.410749 seconds.
  path: Assets/FattyPolyTurretFree/Materials/Palette256 1.mat
  artifactKey: Guid(2299c1311df4e0443b5234905403848b) Importer(815301076,1909f56bfc062723c751e8b465ee728b)
Start importing Assets/FattyPolyTurretFree/Materials/Palette256 1.mat using Guid(2299c1311df4e0443b5234905403848b) Importer(815301076,1909f56bfc062723c751e8b465ee728b)  -> (artifact id: 'ccd7db00b4a04d69eb54d0f766d16ecc') in 0.013663 seconds
Number of updated asset objects reloaded before import = 0
Number of asset objects unloaded after import = 2
========================================================================
Received Import Request.
  Time since last request: 0.000019 seconds.
  path: Assets/Prefab/Materials/PathWay2.mat
  artifactKey: Guid(b6b85861737ca0d4fb7f930b52c06660) Importer(815301076,1909f56bfc062723c751e8b465ee728b)
Start importing Assets/Prefab/Materials/PathWay2.mat using Guid(b6b85861737ca0d4fb7f930b52c06660) Importer(815301076,1909f56bfc062723c751e8b465ee728b)  -> (artifact id: '3daa116445eacd8d7e32d370e0425a11') in 0.015565 seconds
Number of updated asset objects reloaded before import = 0
Number of asset objects unloaded after import = 1
========================================================================
Received Import Request.
  Time since last request: 0.000025 seconds.
  path: Assets/Prefab/Materials/PathWay3.mat
  artifactKey: Guid(aa6f944c3c94738439ea7ad865f68edd) Importer(815301076,1909f56bfc062723c751e8b465ee728b)
Start importing Assets/Prefab/Materials/PathWay3.mat using Guid(aa6f944c3c94738439ea7ad865f68edd) Importer(815301076,1909f56bfc062723c751e8b465ee728b)  -> (artifact id: 'b6ebf72ffcdce89a1120460a7833a343') in 0.013616 seconds
Number of updated asset objects reloaded before import = 0
Number of asset objects unloaded after import = 1
========================================================================
Received Prepare
Begin MonoManager ReloadAssembly
Symbol file LoadedFromMemory is not a mono symbol file
- Loaded All Assemblies, in  0.769 seconds
Refreshing native plugins compatible for Editor in 13.26 ms, found 4 plugins.
Native extension for WindowsStandalone target not found
[MODES] ModeService[none].Initialize
[MODES] ModeService[none].LoadModes
[MODES] Loading mode Default (0) for mode-current-id-GADE7322POE
[Package Manager] Server::EnsureServerProcessIsRunning -- launch failed, reason: Unity was launched with the -noUpm command-line argument
[Package Manager] UpmClient::Send -- Unable to send message (not connected to UPM process).
[Package Manager] Cannot connect to Unity Package Manager local server
Mono: successfully reloaded assembly
- Finished resetting the current domain, in  1.535 seconds
Domain Reload Profiling: 2300ms
	BeginReloadAssembly (194ms)
		ExecutionOrderSort (0ms)
		DisableScriptedObjects (6ms)
		BackupInstance (0ms)
		ReleaseScriptingObjects (0ms)
		CreateAndSetChildDomain (55ms)
	RebuildCommonClasses (43ms)
	RebuildNativeTypeToScriptingClass (159ms)
	initialDomainReloadingComplete (47ms)
	LoadAllAssembliesAndSetupDomain (321ms)
		LoadAssemblies (397ms)
		RebuildTransferFunctionScriptingTraits (0ms)
		AnalyzeDomain (22ms)
			TypeCache.Refresh (11ms)
				TypeCache.ScanAssembly (0ms)
			ScanForSourceGeneratedMonoScriptInfo (0ms)
			ResolveRequiredComponents (9ms)
	FinalizeReload (1536ms)
		ReleaseScriptCaches (0ms)
		RebuildScriptCaches (0ms)
		SetupLoadedEditorAssemblies (893ms)
			LogAssemblyErrors (0ms)
			InitializePlatformSupportModulesInManaged (10ms)
			SetLoadedEditorAssemblies (6ms)
			RefreshPlugins (0ms)
			BeforeProcessingInitializeOnLoad (134ms)
			ProcessInitializeOnLoadAttributes (485ms)
			ProcessInitializeOnLoadMethodAttributes (248ms)
			AfterProcessingInitializeOnLoad (9ms)
			EditorAssembliesLoaded (0ms)
		ExecutionOrderSort2 (0ms)
		AwakeInstancesAfterBackupRestoration (11ms)
Refreshing native plugins compatible for Editor in 45.66 ms, found 4 plugins.
Preloading 0 native plugins for Editor in 0.00 ms.
Unloading 5132 Unused Serialized files (Serialized files now loaded: 0)
Unloading 72 unused Assets / (123.2 KB). Loaded Objects now: 5676.
Memory consumption went from 257.4 MB to 257.2 MB.
Total: 12.706800 ms (FindLiveObjects: 0.518300 ms CreateObjectMapping: 0.438800 ms MarkObjects: 11.456700 ms  DeleteObjects: 0.290600 ms)

Prepare: number of updated asset objects reloaded= 0
AssetImportParameters requested are different than current active one (requested -> active):
  custom:container-demuxer-ogg: 62fdf1f143b41e24485cea50d1cbac27 -> 
  custom:video-decoder-ogg-theora: a1e56fd34408186e4bbccfd4996cb3dc -> 
  custom:framework-win-MediaFoundation: 216162199b28c13a410421893ffa2e32 -> 
  custom:CustomObjectIndexerAttribute: 6d391050e5a25f67b0a2c618074f2cd9 -> 
  custom:container-demuxer-webm: 4f35f7cbe854078d1ac9338744f61a02 -> 
  custom:container-muxer-webm: aa71ff27fc2769a1b78a27578f13a17b -> 
  custom:video-decoder-webm-vp8: 9c59270c3fd7afecdb556c50c9e8de78 -> 
  custom:SearchIndexIgnoredProperties: e643bd26f0fe6173181afceb89e7c659 -> 
  custom:AudioImporter_EditorPlatform: d09bf68614088b80899f8185d706f6e7 -> 
  custom:video-encoder-webm-vp8: eb34c28f22e8b96e1ab97ce403110664 -> 
  custom:audio-decoder-ogg-vorbis: bf7c407c2cedff20999df2af8eb42d56 -> 
  custom:audio-encoder-webm-vorbis: bf7c407c2cedff20999df2af8eb42d56 -> 
========================================================================
Received Prepare
Begin MonoManager ReloadAssembly
Symbol file LoadedFromMemory is not a mono symbol file
- Loaded All Assemblies, in  0.651 seconds
Refreshing native plugins compatible for Editor in 10.17 ms, found 4 plugins.
Native extension for WindowsStandalone target not found
[MODES] ModeService[none].Initialize
[MODES] ModeService[none].LoadModes
[MODES] Loading mode Default (0) for mode-current-id-GADE7322POE
[Package Manager] Server::EnsureServerProcessIsRunning -- launch failed, reason: Unity was launched with the -noUpm command-line argument
[Package Manager] UpmClient::Send -- Unable to send message (not connected to UPM process).
[Package Manager] Cannot connect to Unity Package Manager local server
Mono: successfully reloaded assembly
- Finished resetting the current domain, in  1.425 seconds
Domain Reload Profiling: 2072ms
	BeginReloadAssembly (169ms)
		ExecutionOrderSort (0ms)
		DisableScriptedObjects (5ms)
		BackupInstance (0ms)
		ReleaseScriptingObjects (0ms)
		CreateAndSetChildDomain (56ms)
	RebuildCommonClasses (138ms)
	RebuildNativeTypeToScriptingClass (26ms)
	initialDomainReloadingComplete (33ms)
	LoadAllAssembliesAndSetupDomain (280ms)
		LoadAssemblies (336ms)
		RebuildTransferFunctionScriptingTraits (0ms)
		AnalyzeDomain (17ms)
			TypeCache.Refresh (8ms)
				TypeCache.ScanAssembly (0ms)
			ScanForSourceGeneratedMonoScriptInfo (0ms)
			ResolveRequiredComponents (6ms)
	FinalizeReload (1426ms)
		ReleaseScriptCaches (0ms)
		RebuildScriptCaches (0ms)
		SetupLoadedEditorAssemblies (791ms)
			LogAssemblyErrors (0ms)
			InitializePlatformSupportModulesInManaged (5ms)
			SetLoadedEditorAssemblies (3ms)
			RefreshPlugins (0ms)
			BeforeProcessingInitializeOnLoad (105ms)
			ProcessInitializeOnLoadAttributes (495ms)
			ProcessInitializeOnLoadMethodAttributes (173ms)
			AfterProcessingInitializeOnLoad (9ms)
			EditorAssembliesLoaded (1ms)
		ExecutionOrderSort2 (0ms)
		AwakeInstancesAfterBackupRestoration (12ms)
Refreshing native plugins compatible for Editor in 29.83 ms, found 4 plugins.
Preloading 0 native plugins for Editor in 0.00 ms.
Unloading 5132 Unused Serialized files (Serialized files now loaded: 0)
Unloading 69 unused Assets / (122.1 KB). Loaded Objects now: 5692.
Memory consumption went from 259.3 MB to 259.2 MB.
Total: 17.028600 ms (FindLiveObjects: 0.957000 ms CreateObjectMapping: 1.010500 ms MarkObjects: 14.880500 ms  DeleteObjects: 0.178700 ms)

Prepare: number of updated asset objects reloaded= 0
AssetImportParameters requested are different than current active one (requested -> active):
  custom:container-demuxer-ogg: 62fdf1f143b41e24485cea50d1cbac27 -> 
  custom:video-decoder-ogg-theora: a1e56fd34408186e4bbccfd4996cb3dc -> 
  custom:framework-win-MediaFoundation: 216162199b28c13a410421893ffa2e32 -> 
  custom:CustomObjectIndexerAttribute: 6d391050e5a25f67b0a2c618074f2cd9 -> 
  custom:container-demuxer-webm: 4f35f7cbe854078d1ac9338744f61a02 -> 
  custom:container-muxer-webm: aa71ff27fc2769a1b78a27578f13a17b -> 
  custom:video-decoder-webm-vp8: 9c59270c3fd7afecdb556c50c9e8de78 -> 
  custom:SearchIndexIgnoredProperties: e643bd26f0fe6173181afceb89e7c659 -> 
  custom:AudioImporter_EditorPlatform: d09bf68614088b80899f8185d706f6e7 -> 
  custom:video-encoder-webm-vp8: eb34c28f22e8b96e1ab97ce403110664 -> 
  custom:audio-decoder-ogg-vorbis: bf7c407c2cedff20999df2af8eb42d56 -> 
  custom:audio-encoder-webm-vorbis: bf7c407c2cedff20999df2af8eb42d56 -> 
Editor requested this worker to shutdown with reason: Scaling down because of idle timeout
TcpMessagingSession - receive error: operation aborted. errorcode: 995, details: The I/O operation has been aborted because of either a thread exit or an application request.
AssetImportWorker is now disconnected from the server
Process exiting
Exiting without the bug reporter. Application will terminate with return code 0